.next/types/app/api/v1/missions/[id]/route.ts(53,7): error TS2344: Type '{ __tag__: "GET"; __param_position__: "second"; __param_type__: { params: { id: string; }; }; }' does not satisfy the constraint 'ParamCheck<RouteContext>'.
  The types of '__param_type__.params' are incompatible between these types.
    Type '{ id: string; }' is missing the following properties from type 'Promise<any>': then, catch, finally, [Symbol.toStringTag]
.next/types/app/api/v1/missions/[id]/route.ts(170,7): error TS2344: Type '{ __tag__: "POST"; __param_position__: "second"; __param_type__: { params: { id: string; }; }; }' does not satisfy the constraint 'ParamCheck<RouteContext>'.
  The types of '__param_type__.params' are incompatible between these types.
    Type '{ id: string; }' is missing the following properties from type 'Promise<any>': then, catch, finally, [Symbol.toStringTag]
.next/types/app/api/v1/projects/[id]/route.ts(53,7): error TS2344: Type '{ __tag__: "GET"; __param_position__: "second"; __param_type__: { params: { id: string; }; }; }' does not satisfy the constraint 'ParamCheck<RouteContext>'.
  The types of '__param_type__.params' are incompatible between these types.
    Type '{ id: string; }' is missing the following properties from type 'Promise<any>': then, catch, finally, [Symbol.toStringTag]
.next/types/app/api/v1/projects/[id]/route.ts(248,7): error TS2344: Type '{ __tag__: "DELETE"; __param_position__: "second"; __param_type__: { params: { id: string; }; }; }' does not satisfy the constraint 'ParamCheck<RouteContext>'.
  The types of '__param_type__.params' are incompatible between these types.
    Type '{ id: string; }' is missing the following properties from type 'Promise<any>': then, catch, finally, [Symbol.toStringTag]
.next/types/app/api/v1/projects/[id]/route.ts(287,7): error TS2344: Type '{ __tag__: "PATCH"; __param_position__: "second"; __param_type__: { params: { id: string; }; }; }' does not satisfy the constraint 'ParamCheck<RouteContext>'.
  The types of '__param_type__.params' are incompatible between these types.
    Type '{ id: string; }' is missing the following properties from type 'Promise<any>': then, catch, finally, [Symbol.toStringTag]
.next/types/app/api/v1/workspaces/[id]/route.ts(53,7): error TS2344: Type '{ __tag__: "GET"; __param_position__: "second"; __param_type__: { params: { id: string; }; }; }' does not satisfy the constraint 'ParamCheck<RouteContext>'.
  The types of '__param_type__.params' are incompatible between these types.
    Type '{ id: string; }' is missing the following properties from type 'Promise<any>': then, catch, finally, [Symbol.toStringTag]
.next/types/app/api/v1/workspaces/[id]/route.ts(248,7): error TS2344: Type '{ __tag__: "DELETE"; __param_position__: "second"; __param_type__: { params: { id: string; }; }; }' does not satisfy the constraint 'ParamCheck<RouteContext>'.
  The types of '__param_type__.params' are incompatible between these types.
    Type '{ id: string; }' is missing the following properties from type 'Promise<any>': then, catch, finally, [Symbol.toStringTag]
.next/types/app/api/v1/workspaces/[id]/route.ts(287,7): error TS2344: Type '{ __tag__: "PATCH"; __param_position__: "second"; __param_type__: { params: { id: string; }; }; }' does not satisfy the constraint 'ParamCheck<RouteContext>'.
  The types of '__param_type__.params' are incompatible between these types.
    Type '{ id: string; }' is missing the following properties from type 'Promise<any>': then, catch, finally, [Symbol.toStringTag]
.next/types/validator.ts(1314,31): error TS2344: Type 'typeof import("D:/1_Projects/OpenClawOllamaLiteLLM_Transparency/src/app/api/v1/missions/[id]/route")' does not satisfy the constraint 'RouteHandlerConfig<"/api/v1/missions/[id]">'.
  Types of property 'GET' are incompatible.
    Type '(req: NextRequest, { params }: { params: { id: string; }; }) => Promise<NextResponse<{ id: string; name: string; status: string; goals: any; constraints: any; confidence: number; metrics: any; createdAt: string; ... 8 more ...; lessons: any; }> | NextResponse<...>>' is not assignable to type '(request: NextRequest, context: { params: Promise<{ id: string; }>; }) => void | Response | Promise<void | Response>'.
      Types of parameters '__1' and 'context' are incompatible.
        Type '{ params: Promise<{ id: string; }>; }' is not assignable to type '{ params: { id: string; }; }'.
          Types of property 'params' are incompatible.
            Property 'id' is missing in type 'Promise<{ id: string; }>' but required in type '{ id: string; }'.
.next/types/validator.ts(1674,31): error TS2344: Type 'typeof import("D:/1_Projects/OpenClawOllamaLiteLLM_Transparency/src/app/api/v1/projects/[id]/route")' does not satisfy the constraint 'RouteHandlerConfig<"/api/v1/projects/[id]">'.
  Types of property 'GET' are incompatible.
    Type '(req: NextRequest, { params }: { params: { id: string; }; }) => Promise<NextResponse<Project> | NextResponse<{ error: any; }>>' is not assignable to type '(request: NextRequest, context: { params: Promise<{ id: string; }>; }) => void | Response | Promise<void | Response>'.
      Types of parameters '__1' and 'context' are incompatible.
        Type '{ params: Promise<{ id: string; }>; }' is not assignable to type '{ params: { id: string; }; }'.
          Types of property 'params' are incompatible.
            Property 'id' is missing in type 'Promise<{ id: string; }>' but required in type '{ id: string; }'.
.next/types/validator.ts(1962,31): error TS2344: Type 'typeof import("D:/1_Projects/OpenClawOllamaLiteLLM_Transparency/src/app/api/v1/workspaces/[id]/route")' does not satisfy the constraint 'RouteHandlerConfig<"/api/v1/workspaces/[id]">'.
  Types of property 'GET' are incompatible.
    Type '(req: NextRequest, { params }: { params: { id: string; }; }) => Promise<NextResponse<Workspace> | NextResponse<{ error: any; }>>' is not assignable to type '(request: NextRequest, context: { params: Promise<{ id: string; }>; }) => void | Response | Promise<void | Response>'.
      Types of parameters '__1' and 'context' are incompatible.
        Type '{ params: Promise<{ id: string; }>; }' is not assignable to type '{ params: { id: string; }; }'.
          Types of property 'params' are incompatible.
            Property 'id' is missing in type 'Promise<{ id: string; }>' but required in type '{ id: string; }'.
src/platform/extension/ExtensionRuntimeService.test.ts(5,35): error TS2307: Cannot find module './SDK' or its corresponding type declarations.
src/platform/extension/ExtensionRuntimeService.ts(6,65): error TS2307: Cannot find module './SDK' or its corresponding type declarations.
src/platform/extension/ExtensionRuntimeService.ts(273,47): error TS7006: Parameter 'ui' implicitly has an 'any' type.
src/platform/extension/ExtensionRuntimeService.ts(278,49): error TS7006: Parameter 'ui' implicitly has an 'any' type.
src/platform/extension/ExtensionRuntimeService.ts(563,16): error TS7006: Parameter 'msg' implicitly has an 'any' type.
src/platform/extension/ExtensionRuntimeService.ts(563,21): error TS7019: Rest parameter 'meta' implicitly has an 'any[]' type.
src/platform/extension/ExtensionRuntimeService.ts(564,16): error TS7006: Parameter 'msg' implicitly has an 'any' type.
src/platform/extension/ExtensionRuntimeService.ts(564,21): error TS7019: Rest parameter 'meta' implicitly has an 'any[]' type.
src/platform/extension/ExtensionRuntimeService.ts(565,17): error TS7006: Parameter 'msg' implicitly has an 'any' type.
src/platform/extension/ExtensionRuntimeService.ts(565,22): error TS7006: Parameter 'err' implicitly has an 'any' type.
src/platform/extension/ExtensionRuntimeService.ts(565,27): error TS7019: Rest parameter 'meta' implicitly has an 'any[]' type.
src/platform/extension/ExtensionRuntimeService.ts(569,25): error TS7006: Parameter 'name' implicitly has an 'any' type.
src/platform/extension/ExtensionRuntimeService.ts(569,31): error TS7006: Parameter 'payload' implicitly has an 'any' type.
src/platform/extension/ExtensionRuntimeService.ts(583,21): error TS7006: Parameter 'name' implicitly has an 'any' type.
src/platform/extension/ExtensionRuntimeService.ts(583,27): error TS7006: Parameter 'handler' implicitly has an 'any' type.
src/platform/extension/ExtensionRuntimeService.ts(596,23): error TS7006: Parameter 'subId' implicitly has an 'any' type.
src/services/execution-runtime.service.ts(494,13): error TS2322: Type '{ workspaceId: string; workspacePath: string; } | undefined' is not assignable to type '{ workspacePath?: string | undefined; branch?: string | undefined; activeFiles?: string[] | undefined; } | undefined'.
  Object literal may only specify known properties, and 'workspaceId' does not exist in type '{ workspacePath?: string | undefined; branch?: string | undefined; activeFiles?: string[] | undefined; }'.
src/services/execution-runtime.service.ts(821,42): error TS2339: Property 'handle' does not exist on type 'InfrastructureHandler'.
src/services/execution-runtime.service.ts(826,42): error TS2339: Property 'handle' does not exist on type 'AiRuntimeHandler'.
src/services/execution-runtime.service.ts(831,42): error TS2339: Property 'handle' does not exist on type 'KnowledgeHandler'.
src/services/execution-runtime.service.ts(836,42): error TS2339: Property 'handle' does not exist on type 'SystemHandler'.
src/services/execution-runtime.service.ts(862,11): error TS2353: Object literal may only specify known properties, and 'location' does not exist in type 'Omit<Artifact, "id" | "createdDate" | "modifiedDate">'.
src/services/execution-runtime.service.ts(910,9): error TS2304: Cannot find name 'EventBus'.
src/services/mission-runtime.service.ts(94,15): error TS18047: 'execution' is possibly 'null'.
src/services/mission-runtime.service.ts(97,28): error TS18047: 'execution' is possibly 'null'.
src/services/mission-runtime.service.ts(98,26): error TS18047: 'execution' is possibly 'null'.
src/services/mission-runtime.service.ts(99,23): error TS18047: 'execution' is possibly 'null'.
src/services/mission-runtime.service.ts(100,27): error TS18047: 'execution' is possibly 'null'.
src/services/mission-runtime.service.ts(111,11): error TS18047: 'execution' is possibly 'null'.
src/services/mission-runtime.service.ts(112,27): error TS18047: 'execution' is possibly 'null'.
src/services/mission-runtime.service.ts(160,9): error TS18047: 'execution' is possibly 'null'.
src/services/mission-runtime.service.ts(161,9): error TS18047: 'execution' is possibly 'null'.
tests/unit/platform/ExecutionHardening.test.ts(28,86): error TS2345: Argument of type '{ id: string; role: string; }' is not assignable to parameter of type '{ userId: string; role: string; deviceId?: string | undefined; }'.
  Property 'userId' is missing in type '{ id: string; role: string; }' but required in type '{ userId: string; role: string; deviceId?: string | undefined; }'.
tests/unit/platform/ExecutionHardening.test.ts(42,93): error TS2345: Argument of type '{ id: string; role: string; }' is not assignable to parameter of type '{ userId: string; role: string; deviceId?: string | undefined; }'.
  Property 'userId' is missing in type '{ id: string; role: string; }' but required in type '{ userId: string; role: string; deviceId?: string | undefined; }'.
tests/unit/platform/ExecutionHardening.test.ts(66,88): error TS2345: Argument of type '{ id: string; role: string; }' is not assignable to parameter of type '{ userId: string; role: string; deviceId?: string | undefined; }'.
  Property 'userId' is missing in type '{ id: string; role: string; }' but required in type '{ userId: string; role: string; deviceId?: string | undefined; }'.
tests/unit/platform/ExecutionHardening.test.ts(75,89): error TS2345: Argument of type '{ id: string; role: string; }' is not assignable to parameter of type '{ userId: string; role: string; deviceId?: string | undefined; }'.
  Property 'userId' is missing in type '{ id: string; role: string; }' but required in type '{ userId: string; role: string; deviceId?: string | undefined; }'.
tests/unit/platform/ExecutionHardening.test.ts(102,107): error TS2345: Argument of type '{ id: string; role: string; }' is not assignable to parameter of type '{ userId: string; role: string; deviceId?: string | undefined; }'.
  Property 'userId' is missing in type '{ id: string; role: string; }' but required in type '{ userId: string; role: string; deviceId?: string | undefined; }'.
tests/unit/platform/ExecutionHardening.test.ts(120,89): error TS2345: Argument of type '{ id: string; role: string; }' is not assignable to parameter of type '{ userId: string; role: string; deviceId?: string | undefined; }'.
  Property 'userId' is missing in type '{ id: string; role: string; }' but required in type '{ userId: string; role: string; deviceId?: string | undefined; }'.
tests/unit/platform/ExecutionHardening.test.ts(143,98): error TS2345: Argument of type '{ id: string; role: string; }' is not assignable to parameter of type '{ userId: string; role: string; deviceId?: string | undefined; }'.
  Property 'userId' is missing in type '{ id: string; role: string; }' but required in type '{ userId: string; role: string; deviceId?: string | undefined; }'.
tests/unit/platform/ExecutionHardening.test.ts(164,89): error TS2345: Argument of type '{ id: string; role: string; }' is not assignable to parameter of type '{ userId: string; role: string; deviceId?: string | undefined; }'.
  Property 'userId' is missing in type '{ id: string; role: string; }' but required in type '{ userId: string; role: string; deviceId?: string | undefined; }'.
tests/unit/platform/ExecutionHardening.test.ts(180,57): error TS2345: Argument of type '{ id: string; role: string; }' is not assignable to parameter of type '{ userId: string; role: string; deviceId?: string | undefined; }'.
  Property 'userId' is missing in type '{ id: string; role: string; }' but required in type '{ userId: string; role: string; deviceId?: string | undefined; }'.
tests/unit/platform/WorkspaceOperatingEnvironment.test.ts(62,41): error TS2339: Property 'workspaceId' does not exist on type '{ workspacePath?: string | undefined; branch?: string | undefined; activeFiles?: string[] | undefined; }'.
